[0m03:36:42.537462 [debug] [MainThread]: Sending event: {'category': 'dbt', 'action': 'invocation', 'label': 'start', 'context': [<snowplow_tracker.self_describing_json.SelfDescribingJson object at 0x0000020E58AACF20>, <snowplow_tracker.self_describing_json.SelfDescribingJson object at 0x0000020E55F25520>, <snowplow_tracker.self_describing_json.SelfDescribingJson object at 0x0000020E55E48380>]}


============================== 03:36:42.553085 | ea025b91-65ba-4b5f-8ea4-19f2f3bc4f22 ==============================
[0m03:36:42.553085 [info ] [MainThread]: Running with dbt=1.10.6
[0m03:36:42.553085 [debug] [MainThread]: running dbt with arguments {'printer_width': '80', 'indirect_selection': 'eager', 'log_cache_events': 'False', 'write_json': 'True', 'partial_parse': 'True', 'cache_selected_only': 'False', 'warn_error': 'None', 'fail_fast': 'False', 'profiles_dir': 'C:\\Users\\luisa\\.dbt', 'log_path': 'logs', 'debug': 'False', 'version_check': 'True', 'use_colors': 'True', 'use_experimental_parser': 'False', 'empty': 'None', 'quiet': 'False', 'no_print': 'None', 'warn_error_options': 'WarnErrorOptionsV2(error=[], warn=[], silence=[])', 'static_parser': 'True', 'log_format': 'default', 'introspect': 'True', 'target_path': 'None', 'invocation_command': 'dbt init olist_project', 'send_anonymous_usage_stats': 'True'}
[0m03:36:42.646833 [info ] [MainThread]: Creating dbt configuration folder at C:\Users\luisa\.dbt
[0m03:36:42.646833 [debug] [MainThread]: Starter project path: C:\Users\luisa\projeto_engenharia_dados\venv\Lib\site-packages\dbt\include\starter_project
[0m03:36:42.740588 [info ] [MainThread]: 
Your new dbt project "olist_project" was created!

For more information on how to configure the profiles.yml file,
please consult the dbt documentation here:

  https://docs.getdbt.com/docs/configure-your-profile

One more thing:

Need help? Don't hesitate to reach out to us via GitHub issues or on Slack:

  https://community.getdbt.com/

Happy modeling!

[0m03:36:42.740588 [info ] [MainThread]: Setting up your profile.
[0m03:39:35.176486 [info ] [MainThread]: Profile olist_project written to C:\Users\luisa\.dbt\profiles.yml using target's sample configuration. Once updated, you'll be able to start developing with dbt.
[0m03:39:35.192112 [debug] [MainThread]: Command `dbt init` succeeded at 03:39:35.192112 after 173.17 seconds
[0m03:39:35.207739 [debug] [MainThread]: Sending event: {'category': 'dbt', 'action': 'invocation', 'label': 'end', 'context': [<snowplow_tracker.self_describing_json.SelfDescribingJson object at 0x0000020E59F33D10>, <snowplow_tracker.self_describing_json.SelfDescribingJson object at 0x0000020E58140A70>, <snowplow_tracker.self_describing_json.SelfDescribingJson object at 0x0000020E59F770B0>]}
[0m03:39:35.207739 [debug] [MainThread]: Flushing usage events
[0m03:39:35.879610 [debug] [MainThread]: An error was encountered while trying to flush usage events
[0m08:15:08.447855 [debug] [MainThread]: Sending event: {'category': 'dbt', 'action': 'invocation', 'label': 'start', 'context': [<snowplow_tracker.self_describing_json.SelfDescribingJson object at 0x000001AE8376C470>, <snowplow_tracker.self_describing_json.SelfDescribingJson object at 0x000001AE848A8380>, <snowplow_tracker.self_describing_json.SelfDescribingJson object at 0x000001AE8709EB70>]}


============================== 08:15:08.468540 | 640715ee-46a4-4d99-bf1c-e386c7afe216 ==============================
[0m08:15:08.468540 [info ] [MainThread]: Running with dbt=1.10.6
[0m08:15:08.474540 [debug] [MainThread]: running dbt with arguments {'printer_width': '80', 'indirect_selection': 'eager', 'write_json': 'True', 'log_cache_events': 'False', 'partial_parse': 'True', 'cache_selected_only': 'False', 'warn_error': 'None', 'fail_fast': 'False', 'profiles_dir': 'C:\\Users\\luisa\\.dbt', 'log_path': 'logs', 'version_check': 'True', 'debug': 'False', 'use_colors': 'True', 'use_experimental_parser': 'False', 'empty': 'None', 'quiet': 'False', 'no_print': 'None', 'warn_error_options': 'WarnErrorOptionsV2(error=[], warn=[], silence=[])', 'invocation_command': 'dbt clean', 'static_parser': 'True', 'introspect': 'True', 'target_path': 'None', 'log_format': 'default', 'send_anonymous_usage_stats': 'True'}
[0m08:15:08.477542 [error] [MainThread]: Encountered an error:
Runtime Error
  No dbt_project.yml found at expected path C:\Users\luisa\projeto_engenharia_dados\dbt_project.yml
  Verify that each entry within packages.yml (and their transitive dependencies) contains a file named dbt_project.yml
  
[0m08:15:08.481539 [debug] [MainThread]: Command `dbt clean` failed at 08:15:08.480540 after 0.74 seconds
[0m08:15:08.483540 [debug] [MainThread]: Sending event: {'category': 'dbt', 'action': 'invocation', 'label': 'end', 'context': [<snowplow_tracker.self_describing_json.SelfDescribingJson object at 0x000001AE87460560>, <snowplow_tracker.self_describing_json.SelfDescribingJson object at 0x000001AE878A6C30>, <snowplow_tracker.self_describing_json.SelfDescribingJson object at 0x000001AE870E2FF0>]}
[0m08:15:08.488540 [debug] [MainThread]: Flushing usage events
[0m08:15:09.178293 [debug] [MainThread]: An error was encountered while trying to flush usage events
